<?xml version="1.0" encoding="UTF-8"?>
<!-- Generated by org.testng.reporters.JUnitXMLReporter -->
<testsuite hostname="PIYUSH-PC" name="BankingApp Test" tests="1" failures="1" timestamp="13 Jan 2022 14:34:24 GMT" time="71.601" errors="0">
  <testcase name="loginTest" time="36.452" classname="com.inetbanking.testCases.TC_LoginTest">
    <failure type="java.lang.AssertionError" message="expected [true] but found [false]">
      <![CDATA[java.lang.AssertionError: expected [true] but found [false]
	at com.inetbanking.testCases.TC_LoginTest.loginTest(TC_LoginTest.java:29)
... Removed 28 stack frames]]>
    </failure>
  </testcase> <!-- loginTest -->
</testsuite> <!-- BankingApp Test -->
